0 info it worked if it ends with ok
1 verbose cli [ '/usr/local/bin/node',
1 verbose cli   '/usr/local/bin/npm',
1 verbose cli   'run',
1 verbose cli   'babel-node',
1 verbose cli   'app.js' ]
2 info using npm@3.10.10
3 info using node@v6.10.3
4 verbose run-script [ 'prebabel-node', 'babel-node', 'postbabel-node' ]
5 info lifecycle apiexpress@1.0.0~prebabel-node: apiexpress@1.0.0
6 silly lifecycle apiexpress@1.0.0~prebabel-node: no script for prebabel-node, continuing
7 info lifecycle apiexpress@1.0.0~babel-node: apiexpress@1.0.0
8 verbose lifecycle apiexpress@1.0.0~babel-node: unsafe-perm in lifecycle true
9 verbose lifecycle apiexpress@1.0.0~babel-node: PATH: /usr/local/lib/node_modules/npm/bin/node-gyp-bin:/usr/src/app/node_modules/.bin:/usr/local/lib/node_modules/npm/bin/node-gyp-bin:/usr/src/app/node_modules/.bin:/usr/local/sbin:/usr/local/bin:/usr/sbin:/usr/bin:/sbin:/bin
10 verbose lifecycle apiexpress@1.0.0~babel-node: CWD: /usr/src/app
11 silly lifecycle apiexpress@1.0.0~babel-node: Args: [ '-c', 'babel-node "app.js"' ]
12 silly lifecycle apiexpress@1.0.0~babel-node: Returned: code: 1  signal: null
13 info lifecycle apiexpress@1.0.0~babel-node: Failed to exec babel-node script
14 verbose stack Error: apiexpress@1.0.0 babel-node: `babel-node "app.js"`
14 verbose stack Exit status 1
14 verbose stack     at EventEmitter.<anonymous> (/usr/local/lib/node_modules/npm/lib/utils/lifecycle.js:255:16)
14 verbose stack     at emitTwo (events.js:106:13)
14 verbose stack     at EventEmitter.emit (events.js:191:7)
14 verbose stack     at ChildProcess.<anonymous> (/usr/local/lib/node_modules/npm/lib/utils/spawn.js:40:14)
14 verbose stack     at emitTwo (events.js:106:13)
14 verbose stack     at ChildProcess.emit (events.js:191:7)
14 verbose stack     at maybeClose (internal/child_process.js:886:16)
14 verbose stack     at Process.ChildProcess._handle.onexit (internal/child_process.js:226:5)
15 verbose pkgid apiexpress@1.0.0
16 verbose cwd /usr/src/app
17 error Linux 4.9.27-moby
18 error argv "/usr/local/bin/node" "/usr/local/bin/npm" "run" "babel-node" "app.js"
19 error node v6.10.3
20 error npm  v3.10.10
21 error code ELIFECYCLE
22 error apiexpress@1.0.0 babel-node: `babel-node "app.js"`
22 error Exit status 1
23 error Failed at the apiexpress@1.0.0 babel-node script 'babel-node "app.js"'.
23 error Make sure you have the latest version of node.js and npm installed.
23 error If you do, this is most likely a problem with the apiexpress package,
23 error not with npm itself.
23 error Tell the author that this fails on your system:
23 error     babel-node "app.js"
23 error You can get information on how to open an issue for this project with:
23 error     npm bugs apiexpress
23 error Or if that isn't available, you can get their info via:
23 error     npm owner ls apiexpress
23 error There is likely additional logging output above.
24 verbose exit [ 1, true ]
